#
# A fatal error has been detected by the Java Runtime Environment:
#
#  Internal Error (javaClasses.cpp:127), pid=1836, tid=4552
#  fatal error: Invalid layout of preloaded class
#
# JRE version:  (8.0_51-b16) (build )
# Java VM: Java HotSpot(TM) 64-Bit Server VM (25.51-b03 mixed mode windows-amd64 compressed oops)
# Failed to write core dump. Minidumps are not enabled by default on client versions of Windows
#
# If you would like to submit a bug report, please visit:
#   http://bugreport.java.com/bugreport/crash.jsp
#

---------------  T H R E A D  ---------------

Current thread (0x0000000002108000):  JavaThread "Unknown thread" [_thread_in_vm, id=4552, stack(0x0000000002400000,0x0000000002500000)]

Stack: [0x0000000002400000,0x0000000002500000]
Native frames: (J=compiled Java code, j=interpreted, Vv=VM code, C=native code)
V  [jvm.dll+0x32b4ca]
V  [jvm.dll+0x2797e3]
V  [jvm.dll+0x27a479]
V  [jvm.dll+0x2716e6]
V  [jvm.dll+0x67fc3]
V  [jvm.dll+0x680b3]
V  [jvm.dll+0x7d6da]
V  [jvm.dll+0x7da46]
V  [jvm.dll+0xf2087]
V  [jvm.dll+0xf2416]
V  [jvm.dll+0x20f077]
V  [jvm.dll+0x240d2a]
V  [jvm.dll+0x15b9a1]
C  [javaw.exe+0x217e]
C  [javaw.exe+0xcd37]
C  [javaw.exe+0xcdcb]
C  [kernel32.dll+0x159cd]
C  [ntdll.dll+0x2a2e1]


---------------  P R O C E S S  ---------------

Java Threads: ( => current thread )

Other Threads:

=>0x0000000002108000 (exited) JavaThread "Unknown thread" [_thread_in_vm, id=4552, stack(0x0000000002400000,0x0000000002500000)]

VM state:not at safepoint (not fully initialized)

VM Mutex/Monitor currently owned by a thread: None

GC Heap History (0 events):
No events

Deoptimization events (0 events):
No events

Internal exceptions (0 events):
No events

Events (10 events):
Event: 0.013 loading class java/lang/CharSequence done
Event: 0.014 loading class java/lang/String done
Event: 0.014 loading class java/lang/Class
Event: 0.014 loading class java/lang/reflect/AnnotatedElement
Event: 0.014 loading class java/lang/reflect/AnnotatedElement done
Event: 0.014 loading class java/lang/reflect/GenericDeclaration
Event: 0.014 loading class java/lang/reflect/GenericDeclaration done
Event: 0.014 loading class java/lang/reflect/Type
Event: 0.014 loading class java/lang/reflect/Type done
Event: 0.014 loading class java/lang/Class done


Dynamic libraries:
0x000000013f260000 - 0x000000013f297000 	E:\jdk\jdk1.8.0_51\bin\javaw.exe
0x0000000076de0000 - 0x0000000076f8a000 	C:\Windows\SYSTEM32\ntdll.dll
0x0000000076700000 - 0x000000007681f000 	C:\Windows\system32\kernel32.dll
0x000007fefd260000 - 0x000007fefd2ca000 	C:\Windows\system32\KERNELBASE.dll
0x000007fefd940000 - 0x000007fefda1b000 	C:\Windows\system32\ADVAPI32.dll
0x000007feff050000 - 0x000007feff0ef000 	C:\Windows\system32\msvcrt.dll
0x000007fefefc0000 - 0x000007fefefdf000 	C:\Windows\SYSTEM32\sechost.dll
0x000007fefdc40000 - 0x000007fefdd6d000 	C:\Windows\system32\RPCRT4.dll
0x0000000076ac0000 - 0x0000000076bba000 	C:\Windows\system32\USER32.dll
0x000007fefefe0000 - 0x000007feff047000 	C:\Windows\system32\GDI32.dll
0x000007fefda20000 - 0x000007fefda2e000 	C:\Windows\system32\LPK.dll
0x000007fefd580000 - 0x000007fefd64a000 	C:\Windows\system32\USP10.dll
0x000007fefb7c0000 - 0x000007fefb9b4000 	C:\Windows\WinSxS\amd64_microsoft.windows.common-controls_6595b64144ccf1df_6.0.7601.18837_none_fa3b1e3d17594757\COMCTL32.dll
0x000007fefeda0000 - 0x000007fefee11000 	C:\Windows\system32\SHLWAPI.dll
0x000007fefdd70000 - 0x000007fefdd9e000 	C:\Windows\system32\IMM32.DLL
0x000007fefdb30000 - 0x000007fefdc39000 	C:\Windows\system32\MSCTF.dll
0x000007fefcfd0000 - 0x000007fefd001000 	C:\Windows\system32\nvinitx.dll
0x000007fefcfc0000 - 0x000007fefcfcc000 	C:\Windows\system32\VERSION.dll
0x000000000f000000 - 0x000000000f006000 	C:\Program Files\NVIDIA Corporation\CoProcManager\detoured.dll
0x000007fefa2c0000 - 0x000007fefa2f2000 	C:\Program Files\NVIDIA Corporation\CoProcManager\nvd3d9wrapx.dll
0x000007fefdda0000 - 0x000007fefdf77000 	C:\Windows\system32\SETUPAPI.dll
0x000007fefd0f0000 - 0x000007fefd126000 	C:\Windows\system32\CFGMGR32.dll
0x000007fefd4a0000 - 0x000007fefd57a000 	C:\Windows\system32\OLEAUT32.dll
0x000007fefd730000 - 0x000007fefd933000 	C:\Windows\system32\ole32.dll
0x000007fefd1d0000 - 0x000007fefd1ea000 	C:\Windows\system32\DEVOBJ.dll
0x000007fefa290000 - 0x000007fefa2b2000 	C:\Program Files\NVIDIA Corporation\CoProcManager\nvdxgiwrapx.dll
0x000000006fd20000 - 0x000000006fdf2000 	E:\jdk\jdk1.8.0_51\jre\bin\msvcr100.dll
0x000000006ed70000 - 0x000000006f5f3000 	E:\jdk\jdk1.8.0_51\jre\bin\server\jvm.dll
0x000007fef61e0000 - 0x000007fef61e9000 	C:\Windows\system32\WSOCK32.dll
0x000007fefee20000 - 0x000007fefee6d000 	C:\Windows\system32\WS2_32.dll
0x000007fefef10000 - 0x000007fefef18000 	C:\Windows\system32\NSI.dll
0x000007fefd1f0000 - 0x000007fefd22b000 	C:\Windows\system32\WINMM.dll
0x0000000076fa0000 - 0x0000000076fa7000 	C:\Windows\system32\PSAPI.DLL
0x00000000720c0000 - 0x00000000720cf000 	E:\jdk\jdk1.8.0_51\jre\bin\verify.dll
0x0000000072010000 - 0x0000000072039000 	E:\jdk\jdk1.8.0_51\jre\bin\java.dll
0x0000000071000000 - 0x0000000071035000 	E:\jdk\jdk1.8.0_51\jre\bin\jdwp.dll
0x0000000071b30000 - 0x0000000071b38000 	E:\jdk\jdk1.8.0_51\jre\bin\npt.dll
0x00000000720a0000 - 0x00000000720b6000 	E:\jdk\jdk1.8.0_51\jre\bin\zip.dll
0x000007fef3380000 - 0x000007fef34a5000 	C:\Windows\system32\dbghelp.dll

VM Arguments:
jvm_args: -agentlib:jdwp=transport=dt_socket,suspend=y,address=localhost:65276 -Dfile.encoding=UTF-8 -Xbootclasspath:E:\androidStudio\sdk\platforms\android-23\android.jar 
java_command: com.yyh.xml.XmlParser
java_class_path (initial): C:\Users\Administrator\Desktop\毕业设计\Hook代码\MyCtrip\MyCtrip\bin\classes;C:\Users\Administrator\Desktop\毕业设计\Hook代码\MyCtrip\MyCtrip\libs\android-support-v4.jar;C:\Users\Administrator\Desktop\毕业设计\Hook代码\MyCtrip\MyCtrip\libs\dom4j-1.6.1.jar;C:\Users\Administrator\Desktop\毕业设计\Hook代码\MyCtrip\MyCtrip\libs\gson-2.3.1.jar;C:\Users\Administrator\Desktop\毕业设计\Hook代码\MyCtrip\MyCtrip\libs\junit-4.10.jar;C:\Users\Administrator\Desktop\毕业设计\Hook代码\MyCtrip\MyCtrip\libs\xUtils-2.6.14.jar
Launcher Type: SUN_STANDARD

Environment Variables:
JAVA_HOME=C:\Program Files (x86)\Java\jdk1.8.0_51
PATH=E:\jdk\jdk1.8.0_51\jre\bin;E:/jdk/jdk1.8.0_51/bin/../jre/bin/server;E:/jdk/jdk1.8.0_51/bin/../jre/bin;E:/jdk/jdk1.8.0_51/bin/../jre/lib/amd64;GRADLE_HOME/bin;C:\Windows\system32;C:\Windows;C:\Windows\system32\wbem;E:\wamp\wamp\bin\php\php5.5.12;E:\jdk\jdk1.8.0_51\bin;E:\搜狐视频\搜狐影音\5.0.2.11;E:\gradle\gradle-3.0\bin;D:\杨耀华\android-sdk-windows\platform-tools;D:\杨耀华\android-sdk-windows\tools;D:\杨耀华\eclipse;
USERNAME=Administrator
OS=Windows_NT
PROCESSOR_IDENTIFIER=Intel64 Family 6 Model 58 Stepping 9, GenuineIntel



---------------  S Y S T E M  ---------------

OS: Windows 7 , 64 bit Build 7601 (6.1.7601.23543)

CPU:total 4 (2 cores per cpu, 2 threads per core) family 6 model 58 stepping 9, cmov, cx8, fxsr, mmx, sse, sse2, sse3, ssse3, sse4.1, sse4.2, popcnt, avx, clmul, erms, ht, tsc, tscinvbit, tscinv

Memory: 4k page, physical 4086124k(923316k free), swap 8170388k(3967876k free)

vm_info: Java HotSpot(TM) 64-Bit Server VM (25.51-b03) for windows-amd64 JRE (1.8.0_51-b16), built on Jun  8 2015 18:03:07 by "java_re" with MS VC++ 10.0 (VS2010)

time: Sat Apr 01 16:38:46 2017
elapsed time: 0 seconds (0d 0h 0m 0s)

