#
# A fatal error has been detected by the Java Runtime Environment:
#
#  Internal Error (javaClasses.cpp:127), pid=2784, tid=3696
#  fatal error: Invalid layout of preloaded class
#
# JRE version:  (8.0_51-b16) (build )
# Java VM: Java HotSpot(TM) 64-Bit Server VM (25.51-b03 mixed mode windows-amd64 compressed oops)
# Failed to write core dump. Minidumps are not enabled by default on client versions of Windows
#
# If you would like to submit a bug report, please visit:
#   http://bugreport.java.com/bugreport/crash.jsp
#

---------------  T H R E A D  ---------------

Current thread (0x00000000021be800):  JavaThread "Unknown thread" [_thread_in_vm, id=3696, stack(0x0000000002bf0000,0x0000000002cf0000)]

Stack: [0x0000000002bf0000,0x0000000002cf0000]
Native frames: (J=compiled Java code, j=interpreted, Vv=VM code, C=native code)
V  [jvm.dll+0x32b4ca]
V  [jvm.dll+0x2797e3]
V  [jvm.dll+0x27a479]
V  [jvm.dll+0x2716e6]
V  [jvm.dll+0x67fc3]
V  [jvm.dll+0x680b3]
V  [jvm.dll+0x7d6da]
V  [jvm.dll+0x7da46]
V  [jvm.dll+0xf2087]
V  [jvm.dll+0xf2416]
V  [jvm.dll+0x20f077]
V  [jvm.dll+0x240d2a]
V  [jvm.dll+0x15b9a1]
C  [javaw.exe+0x217e]
C  [javaw.exe+0xcd37]
C  [javaw.exe+0xcdcb]
C  [kernel32.dll+0x159cd]
C  [ntdll.dll+0x2a2e1]


---------------  P R O C E S S  ---------------

Java Threads: ( => current thread )

Other Threads:

=>0x00000000021be800 (exited) JavaThread "Unknown thread" [_thread_in_vm, id=3696, stack(0x0000000002bf0000,0x0000000002cf0000)]

VM state:not at safepoint (not fully initialized)

VM Mutex/Monitor currently owned by a thread: None

GC Heap History (0 events):
No events

Deoptimization events (0 events):
No events

Internal exceptions (0 events):
No events

Events (10 events):
Event: 0.051 loading class java/lang/CharSequence done
Event: 0.051 loading class java/lang/String done
Event: 0.051 loading class java/lang/Class
Event: 0.051 loading class java/lang/reflect/AnnotatedElement
Event: 0.051 loading class java/lang/reflect/AnnotatedElement done
Event: 0.051 loading class java/lang/reflect/GenericDeclaration
Event: 0.051 loading class java/lang/reflect/GenericDeclaration done
Event: 0.051 loading class java/lang/reflect/Type
Event: 0.051 loading class java/lang/reflect/Type done
Event: 0.051 loading class java/lang/Class done


Dynamic libraries:
0x000000013fcc0000 - 0x000000013fcf7000 	E:\jdk\jdk1.8.0_51\bin\javaw.exe
0x0000000077180000 - 0x000000007732a000 	C:\Windows\SYSTEM32\ntdll.dll
0x0000000076940000 - 0x0000000076a5f000 	C:\Windows\system32\kernel32.dll
0x000007fefd7b0000 - 0x000007fefd81a000 	C:\Windows\system32\KERNELBASE.dll
0x000007fefe060000 - 0x000007fefe13b000 	C:\Windows\system32\ADVAPI32.dll
0x000007feff0a0000 - 0x000007feff13f000 	C:\Windows\system32\msvcrt.dll
0x000007feff3d0000 - 0x000007feff3ef000 	C:\Windows\SYSTEM32\sechost.dll
0x000007fefd820000 - 0x000007fefd94d000 	C:\Windows\system32\RPCRT4.dll
0x0000000077080000 - 0x000000007717a000 	C:\Windows\system32\USER32.dll
0x000007feff360000 - 0x000007feff3c7000 	C:\Windows\system32\GDI32.dll
0x000007fefd950000 - 0x000007fefd95e000 	C:\Windows\system32\LPK.dll
0x000007fefefd0000 - 0x000007feff09a000 	C:\Windows\system32\USP10.dll
0x000007fefb7a0000 - 0x000007fefb994000 	C:\Windows\WinSxS\amd64_microsoft.windows.common-controls_6595b64144ccf1df_6.0.7601.18837_none_fa3b1e3d17594757\COMCTL32.dll
0x000007fefdbd0000 - 0x000007fefdc41000 	C:\Windows\system32\SHLWAPI.dll
0x000007fefe030000 - 0x000007fefe05e000 	C:\Windows\system32\IMM32.DLL
0x000007feff190000 - 0x000007feff299000 	C:\Windows\system32\MSCTF.dll
0x000007fefd370000 - 0x000007fefd3a1000 	C:\Windows\system32\nvinitx.dll
0x000007fefd360000 - 0x000007fefd36c000 	C:\Windows\system32\VERSION.dll
0x000000000f000000 - 0x000000000f006000 	C:\Program Files\NVIDIA Corporation\CoProcManager\detoured.dll
0x000007fef9c00000 - 0x000007fef9c32000 	C:\Program Files\NVIDIA Corporation\CoProcManager\nvd3d9wrapx.dll
0x000007fefd9e0000 - 0x000007fefdbb7000 	C:\Windows\system32\SETUPAPI.dll
0x000007fefd570000 - 0x000007fefd5a6000 	C:\Windows\system32\CFGMGR32.dll
0x000007fefdc50000 - 0x000007fefdd2a000 	C:\Windows\system32\OLEAUT32.dll
0x000007fefdd90000 - 0x000007fefdf93000 	C:\Windows\system32\ole32.dll
0x000007fefd790000 - 0x000007fefd7aa000 	C:\Windows\system32\DEVOBJ.dll
0x000007fef9bd0000 - 0x000007fef9bf2000 	C:\Program Files\NVIDIA Corporation\CoProcManager\nvdxgiwrapx.dll
0x0000000072400000 - 0x00000000724d2000 	E:\jdk\jdk1.8.0_51\jre\bin\msvcr100.dll
0x00000000021c0000 - 0x0000000002a43000 	E:\jdk\jdk1.8.0_51\jre\bin\server\jvm.dll
0x000007fef5a00000 - 0x000007fef5a09000 	C:\Windows\system32\WSOCK32.dll
0x000007feff140000 - 0x000007feff18d000 	C:\Windows\system32\WS2_32.dll
0x000007fefdbc0000 - 0x000007fefdbc8000 	C:\Windows\system32\NSI.dll
0x000007fefd490000 - 0x000007fefd4cb000 	C:\Windows\system32\WINMM.dll
0x0000000077350000 - 0x0000000077357000 	C:\Windows\system32\PSAPI.DLL
0x0000000072780000 - 0x000000007278f000 	E:\jdk\jdk1.8.0_51\jre\bin\verify.dll
0x0000000072750000 - 0x0000000072779000 	E:\jdk\jdk1.8.0_51\jre\bin\java.dll
0x0000000072730000 - 0x0000000072746000 	E:\jdk\jdk1.8.0_51\jre\bin\zip.dll
0x000007fef3740000 - 0x000007fef3865000 	C:\Windows\system32\dbghelp.dll

VM Arguments:
jvm_args: -Dfile.encoding=UTF-8 -Xbootclasspath:E:\androidStudio\sdk\platforms\android-23\android.jar 
java_command: com.example.data.XmlParser
java_class_path (initial): C:\Users\Administrator\Desktop\毕业设计\Hook代码\MyCtrip\bin\classes;C:\Users\Administrator\Desktop\毕业设计\Hook代码\MyCtrip\libs\gson-2.3.1.jar;C:\Users\Administrator\Desktop\毕业设计\Hook代码\MyCtrip\libs\xUtils-2.6.14.jar;C:\Users\Administrator\Desktop\毕业设计\Hook代码\MyCtrip\libs\dom4j-1.6.1.jar;C:\Users\Administrator\Desktop\毕业设计\Hook代码\MyCtrip\libs\android-support-v4.jar;C:\Users\Administrator\Desktop\毕业设计\Hook代码\MyCtrip\libs\junit-4.10.jar
Launcher Type: SUN_STANDARD

Environment Variables:
JAVA_HOME=C:\Program Files (x86)\Java\jdk1.8.0_51
PATH=E:/jdk/jdk1.8.0_51/bin/../jre/bin/server;E:/jdk/jdk1.8.0_51/bin/../jre/bin;E:/jdk/jdk1.8.0_51/bin/../jre/lib/amd64;GRADLE_HOME/bin;C:\Windows\system32;C:\Windows;C:\Windows\system32\wbem;E:\wamp\wamp\bin\php\php5.5.12;E:\jdk\jdk1.8.0_51\bin;E:\搜狐视频\搜狐影音\5.0.2.11;E:\gradle\gradle-3.0\bin;D:\杨耀华\android-sdk-windows\platform-tools;D:\杨耀华\android-sdk-windows\tools;D:\杨耀华\eclipse;
USERNAME=Administrator
OS=Windows_NT
PROCESSOR_IDENTIFIER=Intel64 Family 6 Model 58 Stepping 9, GenuineIntel



---------------  S Y S T E M  ---------------

OS: Windows 7 , 64 bit Build 7601 (6.1.7601.23543)

CPU:total 4 (2 cores per cpu, 2 threads per core) family 6 model 58 stepping 9, cmov, cx8, fxsr, mmx, sse, sse2, sse3, ssse3, sse4.1, sse4.2, popcnt, avx, clmul, erms, ht, tsc, tscinvbit, tscinv

Memory: 4k page, physical 4086124k(2068328k free), swap 8170388k(6052288k free)

vm_info: Java HotSpot(TM) 64-Bit Server VM (25.51-b03) for windows-amd64 JRE (1.8.0_51-b16), built on Jun  8 2015 18:03:07 by "java_re" with MS VC++ 10.0 (VS2010)

time: Sun Mar 26 11:40:54 2017
elapsed time: 0 seconds (0d 0h 0m 0s)

